C51 COMPILER V9.54   MAIN                                                                  10/29/2025 15:22:05 PAGE 1   


C51 COMPILER V9.54, COMPILATION OF MODULE MAIN
OBJECT MODULE PLACED IN .\Objects\main.obj
COMPILER INVOKED BY: E:\Keil5 C51\Keil5 C51\C51\BIN\C51.EXE main.c OPTIMIZE(8,SPEED) BROWSE DEBUG OBJECTEXTEND PRINT(.\L
                    -istings\main.lst) TABS(2) OBJECT(.\Objects\main.obj)

line level    source

   1          #include <REGX52.H> //c52库
   2          #include <INTRINS.H> //标准变量库
   3          
   4          #include <delay.h>
   5          #include <888led.h>
   6          #include <LCD1602.H>
   7          
   8          
   9          void main()
  10          {
  11   1        int num=60,a=300;
  12   1        while(1){
  13   2          a--;
  14   2          Nixie(4,num/10);
  15   2          delay(1);
  16   2          Nixie(5,num%10);
  17   2          delay(1);
  18   2          if(a<=0){
  19   3            num--;
  20   3            a=300;
  21   3          }
  22   2        }
  23   1      }


MODULE INFORMATION:   STATIC OVERLAYABLE
   CODE SIZE        =     95    ----
   CONSTANT SIZE    =   ----    ----
   XDATA SIZE       =   ----    ----
   PDATA SIZE       =   ----    ----
   DATA SIZE        =   ----       4
   IDATA SIZE       =   ----    ----
   BIT SIZE         =   ----    ----
END OF MODULE INFORMATION.


C51 COMPILATION COMPLETE.  0 WARNING(S),  0 ERROR(S)
