C51 COMPILER V9.54   MAIN                                                                  10/16/2025 10:16:57 PAGE 1   


C51 COMPILER V9.54, COMPILATION OF MODULE MAIN
OBJECT MODULE PLACED IN .\Objects\main.obj
COMPILER INVOKED BY: E:\Keil5 C51\Keil5 C51\C51\BIN\C51.EXE main.c OPTIMIZE(8,SPEED) BROWSE DEBUG OBJECTEXTEND PRINT(.\L
                    -istings\main.lst) TABS(2) OBJECT(.\Objects\main.obj)

line level    source

   1          #include <REGX52.H>
   2          
   3          //标准延迟函数，参数为毫秒数
   4          void Delay1ms(unsigned char xms)    //@12.000MHz
   5          {
   6   1        unsigned char i, j;
   7   1        
   8   1        while(xms)
   9   1        {
  10   2        i = 2;
  11   2        j = 239;
  12   2        do
  13   2        {
  14   3          while (--j);
  15   3        } while (--i);
  16   2        xms--;
  17   2        }
  18   1      }
  19          
  20          
  21          void main()
  22          {
  23   1        int tmp=0x01;
  24   1        while(1)
  25   1        {
  26   2          if(P3_0==0)
  27   2          {
  28   3            //按键检测（含过滤抖动）
  29   3            Delay1ms(20);
  30   3            while(P3_0==0);
  31   3            Delay1ms(20);
  32   3            tmp=tmp<<1;
  33   3          }
  34   2          if(P3_1==0)
  35   2          {
  36   3            //按键检测（含过滤抖动）
  37   3            Delay1ms(20);
  38   3            while(P3_1==0);
  39   3            Delay1ms(20);
  40   3            tmp=tmp>>1;
  41   3          }
  42   2          //检测是否超出灯带，超出就把灯回到灯带区域
  43   2          if(tmp<=0){
  44   3            tmp=0x80;
  45   3          }
  46   2          if(tmp>=256){
  47   3            tmp=0x01;
  48   3          }
  49   2          P2=~tmp;
  50   2        }
  51   1      }


MODULE INFORMATION:   STATIC OVERLAYABLE
C51 COMPILER V9.54   MAIN                                                                  10/16/2025 10:16:57 PAGE 2   

   CODE SIZE        =     99    ----
   CONSTANT SIZE    =   ----    ----
   XDATA SIZE       =   ----    ----
   PDATA SIZE       =   ----    ----
   DATA SIZE        =   ----    ----
   IDATA SIZE       =   ----    ----
   BIT SIZE         =   ----    ----
END OF MODULE INFORMATION.


C51 COMPILATION COMPLETE.  0 WARNING(S),  0 ERROR(S)
