C51 COMPILER V9.54   MAIN                                                                  10/29/2025 14:27:03 PAGE 1   


C51 COMPILER V9.54, COMPILATION OF MODULE MAIN
OBJECT MODULE PLACED IN .\Objects\main.obj
COMPILER INVOKED BY: E:\Keil5 C51\Keil5 C51\C51\BIN\C51.EXE main.c OPTIMIZE(8,SPEED) BROWSE DEBUG OBJECTEXTEND PRINT(.\L
                    -istings\main.lst) TABS(2) OBJECT(.\Objects\main.obj)

line level    source

   1          #include <REGX52.H> //c52库
   2          #include <INTRINS.H> //标准变量库
   3          
   4          #include <DELAY.H>
   5          #include <Uart.H>
   6          
   7          unsigned char sec=0;
   8          
   9          void main(){
  10   1        Uart_Init();
  11   1      
  12   1        while(1){
  13   2      //    Uart_senbyte(sec);
  14   2      //    sec++;
  15   2      //    delay(1000);
  16   2        }
  17   1      }
  18          
  19          void UAET_Routine() interrupt 4
  20          {
  21   1        if(RI==1){
  22   2          
  23   2          RI=0; 
  24   2        }
  25   1      }


MODULE INFORMATION:   STATIC OVERLAYABLE
   CODE SIZE        =     11    ----
   CONSTANT SIZE    =   ----    ----
   XDATA SIZE       =   ----    ----
   PDATA SIZE       =   ----    ----
   DATA SIZE        =      1    ----
   IDATA SIZE       =   ----    ----
   BIT SIZE         =   ----    ----
END OF MODULE INFORMATION.


C51 COMPILATION COMPLETE.  0 WARNING(S),  0 ERROR(S)
