C51 COMPILER V9.54   UART                                                                  10/29/2025 14:27:03 PAGE 1   


C51 COMPILER V9.54, COMPILATION OF MODULE UART
OBJECT MODULE PLACED IN .\Objects\Uart.obj
COMPILER INVOKED BY: E:\Keil5 C51\Keil5 C51\C51\BIN\C51.EXE Uart.c OPTIMIZE(8,SPEED) BROWSE DEBUG OBJECTEXTEND PRINT(.\L
                    -istings\Uart.lst) TABS(2) OBJECT(.\Objects\Uart.obj)

line level    source

   1          #include <REGX52.H> //c52库
   2          
   3          /**
   4            * @brief    串口通信中断初始化
   5            * @param    无
   6            * @retval   无
   7            */
   8          void Uart_Init(void)    //4800bps@11.0592MHz
   9          {
  10   1        PCON &= 0x7F;   //波特率不倍速
  11   1        SCON = 0x50;    //8位数据,可变波特率
  12   1      //  AUXR &= 0xBF;   //定时器1时钟为Fosc/12,即12T
  13   1      //  AUXR &= 0xFE;   //串口1选择定时器1为波特率发生器
  14   1        TMOD &= 0x0F;   //清除定时器1模式位
  15   1        TMOD |= 0x20;   //设定定时器1为8位自动重装方式
  16   1        TL1 = 0xFA;   //设定定时初值
  17   1        TH1 = 0xFA;   //设定定时器重装值
  18   1        ET1 = 0;    //禁止定时器1中断
  19   1        TR1 = 1;    //启动定时器1
  20   1        EA=1;
  21   1        ES=1;
  22   1      }
  23          
  24          /**
  25            * @brief    发送函数，发送一个字节
  26            * @param    要发送的字节
  27            * @retval   无
  28            */
  29          void Uart_senbyte(unsigned char Byte){
  30   1        SBUF=Byte;
  31   1        while(TI==0);
  32   1        TI=0;
  33   1      }
  34          
  35          
  36          /*串口中断函数模板
  37          void UAET_Routine() interrupt 4
  38          {
  39            if(RI==1){
  40            《接收变量》=SBUF;
  41              RI=0; 
  42            }
  43          }
  44          */


MODULE INFORMATION:   STATIC OVERLAYABLE
   CODE SIZE        =     35    ----
   CONSTANT SIZE    =   ----    ----
   XDATA SIZE       =   ----    ----
   PDATA SIZE       =   ----    ----
   DATA SIZE        =   ----    ----
   IDATA SIZE       =   ----    ----
   BIT SIZE         =   ----    ----
C51 COMPILER V9.54   UART                                                                  10/29/2025 14:27:03 PAGE 2   

END OF MODULE INFORMATION.


C51 COMPILATION COMPLETE.  0 WARNING(S),  0 ERROR(S)
