C51 COMPILER V9.54   4X4_16                                                                10/21/2025 11:12:19 PAGE 1   


C51 COMPILER V9.54, COMPILATION OF MODULE 4X4_16
OBJECT MODULE PLACED IN .\Objects\4x4_16.obj
COMPILER INVOKED BY: E:\Keil5 C51\Keil5 C51\C51\BIN\C51.EXE 4x4_16.c OPTIMIZE(8,SPEED) BROWSE DEBUG OBJECTEXTEND PRINT(.
                    -\Listings\4x4_16.lst) TABS(2) OBJECT(.\Objects\4x4_16.obj)

line level    source

   1          #include <REGX52.H> //c52库
   2          #include <INTRINS.H> //标准变量库
   3          
   4          #include <delay.h>
   5          
   6          
   7          char button(){
   8   1        char KeyNumber=0;
   9   1        P1=0xFF;
  10   1        P1_3=0;
  11   1        if(P1_7==0){delay(2);while(P1_7==0);delay(2);KeyNumber=1;}
  12   1      
  13   1        
  14   1        P1=0xFF;
  15   1        P1_2=0;
  16   1        if(P1_7==0){delay(2);while(P1_7==0);delay(2);KeyNumber=2;}
  17   1        
  18   1        P1=0xFF;
  19   1        P1_1=0;
  20   1        if(P1_7==0){delay(2);while(P1_7==0);delay(2);KeyNumber=3;}
  21   1      
  22   1        
  23   1        return KeyNumber;
  24   1      }


MODULE INFORMATION:   STATIC OVERLAYABLE
   CODE SIZE        =     78    ----
   CONSTANT SIZE    =   ----    ----
   XDATA SIZE       =   ----    ----
   PDATA SIZE       =   ----    ----
   DATA SIZE        =   ----       1
   IDATA SIZE       =   ----    ----
   BIT SIZE         =   ----    ----
END OF MODULE INFORMATION.


C51 COMPILATION COMPLETE.  0 WARNING(S),  0 ERROR(S)
