C51 COMPILER V9.54   888LED                                                                10/20/2025 06:50:05 PAGE 1   


C51 COMPILER V9.54, COMPILATION OF MODULE 888LED
OBJECT MODULE PLACED IN .\Objects\888led.obj
COMPILER INVOKED BY: E:\Keil5 C51\Keil5 C51\C51\BIN\C51.EXE 888led.c OPTIMIZE(8,SPEED) BROWSE DEBUG OBJECTEXTEND PRINT(.
                    -\Listings\888led.lst) TABS(2) OBJECT(.\Objects\888led.obj)

line level    source

   1          #include <REGX52.H> //c52库
   2          #include <INTRINS.H> //标准变量库
   3          
   4          
   5          char code leddata[]={0x3F,0x06,0x5B,0x4F,0x66,0x6D,0x7D,0x07,0x7F,0x6F};
   6          
   7          void Nixie(unsigned char Location,Number){
   8   1        switch(Location)
   9   1        {
  10   2          case 1: P2_2=1; P2_3=1; P2_4=1; break;
  11   2          case 2: P2_2=0; P2_3=1; P2_4=1; break;
  12   2          case 3: P2_2=1; P2_3=0; P2_4=1; break;
  13   2          case 4: P2_2=0; P2_3=0; P2_4=1; break;
  14   2          case 5: P2_2=1; P2_3=1; P2_4=0; break;
  15   2          case 6: P2_2=0; P2_3=1; P2_4=0; break;
  16   2          case 7: P2_2=1; P2_3=0; P2_4=0; break;
  17   2          case 8: P2_2=0; P2_3=0; P2_4=0; break;
  18   2        }
  19   1        P0=leddata[Number];
  20   1      }


MODULE INFORMATION:   STATIC OVERLAYABLE
   CODE SIZE        =    106    ----
   CONSTANT SIZE    =     10    ----
   XDATA SIZE       =   ----    ----
   PDATA SIZE       =   ----    ----
   DATA SIZE        =   ----    ----
   IDATA SIZE       =   ----    ----
   BIT SIZE         =   ----    ----
END OF MODULE INFORMATION.


C51 COMPILATION COMPLETE.  0 WARNING(S),  0 ERROR(S)
