C51 COMPILER V9.54   DELAY                                                                 10/20/2025 06:50:05 PAGE 1   


C51 COMPILER V9.54, COMPILATION OF MODULE DELAY
OBJECT MODULE PLACED IN .\Objects\delay.obj
COMPILER INVOKED BY: E:\Keil5 C51\Keil5 C51\C51\BIN\C51.EXE delay.c OPTIMIZE(8,SPEED) BROWSE DEBUG OBJECTEXTEND PRINT(.\
                    -Listings\delay.lst) TABS(2) OBJECT(.\Objects\delay.obj)

line level    source

   1          #include <REGX52.H> //c52库
   2          #include <INTRINS.H> //标准变量库
   3          
   4          //标准的循环延迟
   5          void delay(unsigned char xms){
   6   1        unsigned char i, j;
   7   1        i = 2;
   8   1        j = 239;
   9   1        do{
  10   2        do{
  11   3          while (--j);
  12   3        } while (--i);
  13   2        } while (--xms);
  14   1      }


MODULE INFORMATION:   STATIC OVERLAYABLE
   CODE SIZE        =     11    ----
   CONSTANT SIZE    =   ----    ----
   XDATA SIZE       =   ----    ----
   PDATA SIZE       =   ----    ----
   DATA SIZE        =   ----    ----
   IDATA SIZE       =   ----    ----
   BIT SIZE         =   ----    ----
END OF MODULE INFORMATION.


C51 COMPILATION COMPLETE.  0 WARNING(S),  0 ERROR(S)
