C51 COMPILER V9.54   MAIN                                                                  10/20/2025 06:50:05 PAGE 1   


C51 COMPILER V9.54, COMPILATION OF MODULE MAIN
OBJECT MODULE PLACED IN .\Objects\main.obj
COMPILER INVOKED BY: E:\Keil5 C51\Keil5 C51\C51\BIN\C51.EXE main.c OPTIMIZE(8,SPEED) BROWSE DEBUG OBJECTEXTEND PRINT(.\L
                    -istings\main.lst) TABS(2) OBJECT(.\Objects\main.obj)

line level    source

   1          #include <REGX52.H> //c52库
   2          #include <INTRINS.H> //标准变量库
   3          #include <string.h>//字符串链接库
   4          
   5          #include <delay.h>
   6          #include <888led.h>
   7          #include <LCD1602.H>
   8          #include <4x4_16.h>
   9          
  10          
  11          char keynum,num[7]="";
  12          char password[]="197811",i;
  13          void main(){
  14   1        LCD_Init();//初始化
  15   1        
  16   1        while(1){
  17   2          LCD_ShowString(1,1,"PassWord:");
  18   2          keynum=button();
  19   2          //检测是否有输入
  20   2          if(keynum!=0){
  21   3            //当输入的是密码时
  22   3            if(keynum<=10){
  23   4              int len = strlen(num);
  24   4              if(len<6){
  25   5                num[len] = keynum + '0'; 
  26   5                num[len+1] = '\0';
  27   5              }
  28   4              LCD_ShowString(2,1,"                   ");
  29   4              LCD_ShowString(2,1,num);
  30   4            }
  31   3            //按取消键时
  32   3            if(keynum==11){
  33   4              LCD_ShowString(2,1,"                   ");
  34   4              num[0] = '\0';
  35   4            }
  36   3            //按确认键时，输出结果
  37   3            if(keynum==12){
  38   4              if(strcmp(password,num) == 0){
  39   5                LCD_ShowString(2,1,"True passwd ^_^");
  40   5                num[0] = '\0';
  41   5              }
  42   4              else{
  43   5                LCD_ShowString(2,1,"False passwd X");
  44   5                num[0] = '\0';
  45   5              }
  46   4            }
  47   3          }
  48   2        }
  49   1      }


MODULE INFORMATION:   STATIC OVERLAYABLE
   CODE SIZE        =    184    ----
   CONSTANT SIZE    =     61    ----
C51 COMPILER V9.54   MAIN                                                                  10/20/2025 06:50:05 PAGE 2   

   XDATA SIZE       =   ----    ----
   PDATA SIZE       =   ----    ----
   DATA SIZE        =     16       2
   IDATA SIZE       =   ----    ----
   BIT SIZE         =   ----    ----
END OF MODULE INFORMATION.


C51 COMPILATION COMPLETE.  0 WARNING(S),  0 ERROR(S)
