C51 COMPILER V9.54   SWITCH0000                                                            10/27/2025 15:26:38 PAGE 1   


C51 COMPILER V9.54, COMPILATION OF MODULE SWITCH0000
OBJECT MODULE PLACED IN .\Objects\Switch0000.obj
COMPILER INVOKED BY: E:\Keil5 C51\Keil5 C51\C51\BIN\C51.EXE Switch0000.c OPTIMIZE(8,SPEED) BROWSE DEBUG OBJECTEXTEND PRI
                    -NT(.\Listings\Switch0000.lst) TABS(2) OBJECT(.\Objects\Switch0000.obj)

line level    source

   1          #include <REGX52.H> //c52Â∫ì
   2          #include <INTRINS.H> //Ê†áÂáÜÂèòÈáèÂ∫ì
   3          
   4          #include <DELAY.H>
   5          
   6          unsigned char switch0000()
   7          {
   8   1        unsigned char KeyNumber=0;
   9   1        
  10   1        if(P3_1==0){delay(2);while(P2_1==0);delay(2);KeyNumber=1;}
  11   1        if(P3_0==0){delay(2);while(P2_0==0);delay(2);KeyNumber=2;}//ËøôÈáåÂÖ∂ÂÆûÊòØÁîµË∑ØÊùø‰∏äÊääk1Âíåk2Êé•Âèç‰∫
             -Ü
  12   1        if(P3_2==0){delay(2);while(P2_2==0);delay(2);KeyNumber=3;}
  13   1        if(P3_3==0){delay(2);while(P2_3==0);delay(2);KeyNumber=4;}
  14   1        
  15   1        return KeyNumber;
  16   1      }


MODULE INFORMATION:   STATIC OVERLAYABLE
   CODE SIZE        =     82    ----
   CONSTANT SIZE    =   ----    ----
   XDATA SIZE       =   ----    ----
   PDATA SIZE       =   ----    ----
   DATA SIZE        =   ----       1
   IDATA SIZE       =   ----    ----
   BIT SIZE         =   ----    ----
END OF MODULE INFORMATION.


C51 COMPILATION COMPLETE.  0 WARNING(S),  0 ERROR(S)
