C51 COMPILER V9.54   TIMER0                                                                10/27/2025 19:53:56 PAGE 1   


C51 COMPILER V9.54, COMPILATION OF MODULE TIMER0
OBJECT MODULE PLACED IN .\Objects\Timer0.obj
COMPILER INVOKED BY: E:\Keil5 C51\Keil5 C51\C51\BIN\C51.EXE Timer0.c OPTIMIZE(8,SPEED) BROWSE DEBUG OBJECTEXTEND PRINT(.
                    -\Listings\Timer0.lst) TABS(2) OBJECT(.\Objects\Timer0.obj)

line level    source

   1          #include <REGX52.H> //c52库
   2          
   3          
   4          //1毫秒触发一次的定时器，让他触发就自加，触发多少次就是多少毫秒
   5          void Timer0Init(void)   //1毫秒@12.000MHz
   6          {
   7   1        TMOD &= 0xF0;   //设置定时器模式
   8   1        TMOD |= 0x01;   //设置定时器模式
   9   1        TL0 = 0x18;   //设置定时初值
  10   1        TH0 = 0xFC;   //设置定时初值
  11   1        TF0 = 0;    //清除TF0标志
  12   1        TR0 = 1;    //定时器0开始计时
  13   1        ET0=1;  //允许中断（没做解释，自行了解）
  14   1        EA=1;   //允许总中断
  15   1        PT0=0;   //中断优先级等于0
  16   1      }
  17          
  18          /*这个是一个一秒执行一次的模板，在笑脸处输入需要一秒执行一次的代码,记得
             -制回主函数
  19          void Timer0_Routine() interrupt 1
  20          {
  21            static  unsigned int T0Count;
  22            TL0 = 0x18;   //设置定时初值
  23            TH0 = 0xFC;   //设置定时初值
  24            T0Count++;
  25            if(T0Count>=1000)  //1000毫秒
  26            {
  27              T0Count=0;
  28              ^_^
  29            }
  30          }
  31          */
  32          
  33          
  34          /*  方便理解的中断初始化程序
  35          //定时器初始化
  36          void Tinmer0_Init(){
  37            //TMOD=0x01; //0000 0001
  38            TMOD=TMOD&0xF0; //把TMOD的低四位清零，高四位不变
  39            TMOD=TMOD|0x01; //把TMOD的低一位置1，其他七位不变
  40            
  41            TF0=0;
  42            TR0=1;
  43            TH0=64535/256;  //取64535高八位
  44            TL0=64535%256;  //取64535低八位
  45            ET0=1;
  46            EA=1;
  47            PT0=0;
  48          }
  49          */


MODULE INFORMATION:   STATIC OVERLAYABLE
   CODE SIZE        =     23    ----
C51 COMPILER V9.54   TIMER0                                                                10/27/2025 19:53:56 PAGE 2   

   CONSTANT SIZE    =   ----    ----
   XDATA SIZE       =   ----    ----
   PDATA SIZE       =   ----    ----
   DATA SIZE        =   ----    ----
   IDATA SIZE       =   ----    ----
   BIT SIZE         =   ----    ----
END OF MODULE INFORMATION.


C51 COMPILATION COMPLETE.  0 WARNING(S),  0 ERROR(S)
