C51 COMPILER V9.54   MAIN                                                                  10/30/2025 21:03:02 PAGE 1   


C51 COMPILER V9.54, COMPILATION OF MODULE MAIN
OBJECT MODULE PLACED IN .\Objects\main.obj
COMPILER INVOKED BY: E:\Keil5 C51\Keil5 C51\C51\BIN\C51.EXE main.c OPTIMIZE(8,SPEED) BROWSE DEBUG OBJECTEXTEND PRINT(.\L
                    -istings\main.lst) TABS(2) OBJECT(.\Objects\main.obj)

line level    source

   1          #include <REGX52.H> //c52库
   2          #include <INTRINS.H> //标准变量库
   3          
   4          #include <DELAY.H>
   5          #include <8X8.H>
   6          
   7          
   8          unsigned char code result_bits[] = {
   9            0x00,0x00,0x19,0x3E,0x7C,0x54,0x03,0x00,
  10            0x00,0x00,0x01,0x02,0x1C,0x1C,0x7B,0x58,
  11            0x00,0x00,0x19,0x3E,0x7C,0x54,0x03,0x00, 
  12            0x00,0x00,0x23,0x7C,0xF8,0xB6,0x01,0x00,
  13            0x00,0x00,0x01,0x02,0x24,0x78,0xFF,0xB0,
  14            0x00,0x00,0x23,0x7C,0xF8,0xB6,0x01,0x00 
  15          };
  16          
  17          
  18          void main(){
  19   1        while(1){
  20   2          MatrixLED_Roll(result_bits, 48, 50);  
  21   2        }
  22   1      }


MODULE INFORMATION:   STATIC OVERLAYABLE
   CODE SIZE        =     18    ----
   CONSTANT SIZE    =     48    ----
   XDATA SIZE       =   ----    ----
   PDATA SIZE       =   ----    ----
   DATA SIZE        =   ----    ----
   IDATA SIZE       =   ----    ----
   BIT SIZE         =   ----    ----
END OF MODULE INFORMATION.


C51 COMPILATION COMPLETE.  0 WARNING(S),  0 ERROR(S)
